[debug] [2025-09-23T19:09:16.350Z] ----------------------------------------------------------------------
[debug] [2025-09-23T19:09:16.363Z] Command:       C:\Program Files\nodejs\node.exe C:\Users\Sree Murugan S J\AppData\Roaming\npm\node_modules\firebase-tools\lib\bin\firebase.js init
[debug] [2025-09-23T19:09:16.364Z] CLI Version:   14.11.0
[debug] [2025-09-23T19:09:16.364Z] Platform:      win32
[debug] [2025-09-23T19:09:16.364Z] Node Version:  v24.7.0
[debug] [2025-09-23T19:09:16.364Z] Time:          Wed Sep 24 2025 00:39:16 GMT+0530 (India Standard Time)
[debug] [2025-09-23T19:09:16.364Z] ----------------------------------------------------------------------
[debug] 
[debug] [2025-09-23T19:09:16.367Z] >>> [apiv2][query] GET https://firebase-public.firebaseio.com/cli.json [none]
[debug] [2025-09-23T19:09:16.435Z] > command requires scopes: ["email","openid","https://www.googleapis.com/auth/cloudplatformprojects.readonly","https://www.googleapis.com/auth/firebase","https://www.googleapis.com/auth/cloud-platform"]
[debug] [2025-09-23T19:09:16.435Z] > authorizing via signed-in user (sreemurugansj@gmail.com)
[info] 
     ######## #### ########  ######## ########     ###     ######  ########
     ##        ##  ##     ## ##       ##     ##  ##   ##  ##       ##
     ######    ##  ########  ######   ########  #########  ######  ######
     ##        ##  ##    ##  ##       ##     ## ##     ##       ## ##
     ##       #### ##     ## ######## ########  ##     ##  ######  ########

You're about to initialize a Firebase project in this directory:

  C:\Users\Sree Murugan S J\Desktop\Veyona E-Commerce

[debug] [2025-09-23T19:09:17.404Z] <<< [apiv2][status] GET https://firebase-public.firebaseio.com/cli.json 200
[debug] [2025-09-23T19:09:17.404Z] <<< [apiv2][body] GET https://firebase-public.firebaseio.com/cli.json {"cloudBuildErrorAfter":1594252800000,"cloudBuildWarnAfter":1590019200000,"defaultNode10After":1594252800000,"minVersion":"3.0.5","node8DeploysDisabledAfter":1613390400000,"node8RuntimeDisabledAfter":1615809600000,"node8WarnAfter":1600128000000}
[info] 
=== Project Setup
[info] 
[info] First, let's associate this project directory with a Firebase project.
[info] You can create multiple project aliases by running firebase use --add, 
[info] but for now we'll just set up a default project.
[info] 
